<?xml version="1.0" encoding="UTF-8"?>
<coverage generated="1700969551612" clover="3.2.0">
  <project timestamp="1700969551613" name="All files">
    <metrics statements="81" coveredstatements="81" conditionals="18" coveredconditionals="17" methods="31" coveredmethods="30" elements="130" coveredelements="128" complexity="0" loc="81" ncloc="81" packages="9" files="19" classes="19"/>
    <package name="app">
      <metrics statements="3" coveredstatements="3" conditionals="0" coveredconditionals="0" methods="1" coveredmethods="1"/>
      <file name="hooks.ts" path="/Users/sebastianbarcenas/projects/test/assessment-cc-react-native-sr-01/src/app/hooks.ts">
        <metrics statements="2" coveredstatements="2" conditionals="0" coveredconditionals="0" methods="1" coveredmethods="1"/>
        <line num="5" count="29" type="stmt"/>
        <line num="6" count="1" type="stmt"/>
      </file>
      <file name="store.ts" path="/Users/sebastianbarcenas/projects/test/assessment-cc-react-native-sr-01/src/app/store.ts">
        <metrics statements="1" coveredstatements="1" conditionals="0" coveredconditionals="0" methods="0" coveredmethods="0"/>
        <line num="4" count="5" type="stmt"/>
      </file>
    </package>
    <package name="components.ProgressBar">
      <metrics statements="3" coveredstatements="3" conditionals="0" coveredconditionals="0" methods="1" coveredmethods="1"/>
      <file name="ProgressBar.styled.ts" path="/Users/sebastianbarcenas/projects/test/assessment-cc-react-native-sr-01/src/components/ProgressBar/ProgressBar.styled.ts">
        <metrics statements="2" coveredstatements="2" conditionals="0" coveredconditionals="0" methods="0" coveredmethods="0"/>
        <line num="6" count="3" type="stmt"/>
        <line num="12" count="3" type="stmt"/>
      </file>
      <file name="ProgressBar.tsx" path="/Users/sebastianbarcenas/projects/test/assessment-cc-react-native-sr-01/src/components/ProgressBar/ProgressBar.tsx">
        <metrics statements="1" coveredstatements="1" conditionals="0" coveredconditionals="0" methods="1" coveredmethods="1"/>
        <line num="12" count="42" type="stmt"/>
      </file>
    </package>
    <package name="components.monster-battle-card">
      <metrics statements="6" coveredstatements="6" conditionals="2" coveredconditionals="2" methods="1" coveredmethods="1"/>
      <file name="MonsterBattleCard.styled.tsx" path="/Users/sebastianbarcenas/projects/test/assessment-cc-react-native-sr-01/src/components/monster-battle-card/MonsterBattleCard.styled.tsx">
        <metrics statements="4" coveredstatements="4" conditionals="0" coveredconditionals="0" methods="0" coveredmethods="0"/>
        <line num="10" count="2" type="stmt"/>
        <line num="24" count="2" type="stmt"/>
        <line num="34" count="2" type="stmt"/>
        <line num="40" count="2" type="stmt"/>
      </file>
      <file name="MonsterBattleCard.tsx" path="/Users/sebastianbarcenas/projects/test/assessment-cc-react-native-sr-01/src/components/monster-battle-card/MonsterBattleCard.tsx">
        <metrics statements="2" coveredstatements="2" conditionals="2" coveredconditionals="2" methods="1" coveredmethods="1"/>
        <line num="17" count="2" type="stmt"/>
        <line num="18" count="31" type="stmt"/>
      </file>
    </package>
    <package name="components.monsters-list">
      <metrics statements="20" coveredstatements="20" conditionals="10" coveredconditionals="10" methods="6" coveredmethods="6"/>
      <file name="MonstersList.styled.tsx" path="/Users/sebastianbarcenas/projects/test/assessment-cc-react-native-sr-01/src/components/monsters-list/MonstersList.styled.tsx">
        <metrics statements="7" coveredstatements="7" conditionals="2" coveredconditionals="2" methods="1" coveredmethods="1"/>
        <line num="6" count="2" type="stmt"/>
        <line num="17" count="2" type="stmt"/>
        <line num="25" count="2" type="stmt"/>
        <line num="28" count="70" type="cond" truecount="2" falsecount="0"/>
        <line num="39" count="2" type="stmt"/>
        <line num="45" count="2" type="stmt"/>
        <line num="54" count="2" type="stmt"/>
      </file>
      <file name="MonstersList.tsx" path="/Users/sebastianbarcenas/projects/test/assessment-cc-react-native-sr-01/src/components/monsters-list/MonstersList.tsx">
        <metrics statements="13" coveredstatements="13" conditionals="8" coveredconditionals="8" methods="5" coveredmethods="5"/>
        <line num="21" count="2" type="stmt"/>
        <line num="22" count="19" type="stmt"/>
        <line num="24" count="19" type="stmt"/>
        <line num="28" count="19" type="stmt"/>
        <line num="29" count="5" type="cond" truecount="2" falsecount="0"/>
        <line num="30" count="5" type="stmt"/>
        <line num="31" count="25" type="stmt"/>
        <line num="32" count="5" type="stmt"/>
        <line num="35" count="5" type="stmt"/>
        <line num="40" count="5" type="cond" truecount="2" falsecount="0"/>
        <line num="43" count="19" type="stmt"/>
        <line num="51" count="70" type="stmt"/>
        <line num="54" count="5" type="stmt"/>
      </file>
    </package>
    <package name="components.title">
      <metrics statements="1" coveredstatements="1" conditionals="0" coveredconditionals="0" methods="0" coveredmethods="0"/>
      <file name="Title.tsx" path="/Users/sebastianbarcenas/projects/test/assessment-cc-react-native-sr-01/src/components/title/Title.tsx">
        <metrics statements="1" coveredstatements="1" conditionals="0" coveredconditionals="0" methods="0" coveredmethods="0"/>
        <line num="5" count="1" type="stmt"/>
      </file>
    </package>
    <package name="components.winner-display">
      <metrics statements="4" coveredstatements="4" conditionals="0" coveredconditionals="0" methods="1" coveredmethods="1"/>
      <file name="WinnerDisplay.styled.tsx" path="/Users/sebastianbarcenas/projects/test/assessment-cc-react-native-sr-01/src/components/winner-display/WinnerDisplay.styled.tsx">
        <metrics statements="2" coveredstatements="2" conditionals="0" coveredconditionals="0" methods="0" coveredmethods="0"/>
        <line num="6" count="2" type="stmt"/>
        <line num="16" count="2" type="stmt"/>
      </file>
      <file name="WinnerDisplay.tsx" path="/Users/sebastianbarcenas/projects/test/assessment-cc-react-native-sr-01/src/components/winner-display/WinnerDisplay.tsx">
        <metrics statements="2" coveredstatements="2" conditionals="0" coveredconditionals="0" methods="1" coveredmethods="1"/>
        <line num="7" count="2" type="stmt"/>
        <line num="8" count="1" type="stmt"/>
      </file>
    </package>
    <package name="constants">
      <metrics statements="2" coveredstatements="2" conditionals="0" coveredconditionals="0" methods="0" coveredmethods="0"/>
      <file name="colors.ts" path="/Users/sebastianbarcenas/projects/test/assessment-cc-react-native-sr-01/src/constants/colors.ts">
        <metrics statements="1" coveredstatements="1" conditionals="0" coveredconditionals="0" methods="0" coveredmethods="0"/>
        <line num="1" count="5" type="stmt"/>
      </file>
      <file name="env.ts" path="/Users/sebastianbarcenas/projects/test/assessment-cc-react-native-sr-01/src/constants/env.ts">
        <metrics statements="1" coveredstatements="1" conditionals="0" coveredconditionals="0" methods="0" coveredmethods="0"/>
        <line num="1" count="7" type="stmt"/>
      </file>
    </package>
    <package name="pages.battle-of-monsters">
      <metrics statements="16" coveredstatements="16" conditionals="6" coveredconditionals="5" methods="4" coveredmethods="4"/>
      <file name="BattleOfMonsters.styled.tsx" path="/Users/sebastianbarcenas/projects/test/assessment-cc-react-native-sr-01/src/pages/battle-of-monsters/BattleOfMonsters.styled.tsx">
        <metrics statements="5" coveredstatements="5" conditionals="2" coveredconditionals="2" methods="1" coveredmethods="1"/>
        <line num="7" count="1" type="stmt"/>
        <line num="13" count="1" type="stmt"/>
        <line num="22" count="1" type="stmt"/>
        <line num="24" count="14" type="cond" truecount="2" falsecount="0"/>
        <line num="31" count="1" type="stmt"/>
      </file>
      <file name="BattleOfMonsters.tsx" path="/Users/sebastianbarcenas/projects/test/assessment-cc-react-native-sr-01/src/pages/battle-of-monsters/BattleOfMonsters.tsx">
        <metrics statements="11" coveredstatements="11" conditionals="4" coveredconditionals="3" methods="3" coveredmethods="3"/>
        <line num="27" count="1" type="stmt"/>
        <line num="28" count="15" type="stmt"/>
        <line num="30" count="14" type="stmt"/>
        <line num="31" count="14" type="stmt"/>
        <line num="32" count="14" type="stmt"/>
        <line num="33" count="14" type="stmt"/>
        <line num="35" count="14" type="stmt"/>
        <line num="36" count="3" type="stmt"/>
        <line num="39" count="14" type="stmt"/>
        <line num="40" count="1" type="stmt"/>
        <line num="48" count="14" type="stmt"/>
      </file>
    </package>
    <package name="reducers.monsters">
      <metrics statements="26" coveredstatements="26" conditionals="0" coveredconditionals="0" methods="17" coveredmethods="16"/>
      <file name="monsters.actions.ts" path="/Users/sebastianbarcenas/projects/test/assessment-cc-react-native-sr-01/src/reducers/monsters/monsters.actions.ts">
        <metrics statements="4" coveredstatements="4" conditionals="0" coveredconditionals="0" methods="0" coveredmethods="0"/>
        <line num="9" count="6" type="stmt"/>
        <line num="14" count="6" type="stmt"/>
        <line num="19" count="6" type="stmt"/>
        <line num="23" count="6" type="stmt"/>
      </file>
      <file name="monsters.reducer.ts" path="/Users/sebastianbarcenas/projects/test/assessment-cc-react-native-sr-01/src/reducers/monsters/monsters.reducer.ts">
        <metrics statements="10" coveredstatements="10" conditionals="0" coveredconditionals="0" methods="9" coveredmethods="8"/>
        <line num="21" count="6" type="stmt"/>
        <line num="32" count="6" type="stmt"/>
        <line num="33" count="6" type="stmt"/>
        <line num="38" count="6" type="stmt"/>
        <line num="43" count="6" type="stmt"/>
        <line num="48" count="6" type="stmt"/>
        <line num="57" count="6" type="stmt"/>
        <line num="61" count="6" type="stmt"/>
        <line num="69" count="6" type="stmt"/>
        <line num="79" count="6" type="stmt"/>
      </file>
      <file name="monsters.selectors.ts" path="/Users/sebastianbarcenas/projects/test/assessment-cc-react-native-sr-01/src/reducers/monsters/monsters.selectors.ts">
        <metrics statements="6" coveredstatements="6" conditionals="0" coveredconditionals="0" methods="4" coveredmethods="4"/>
        <line num="3" count="27" type="stmt"/>
        <line num="5" count="1" type="stmt"/>
        <line num="6" count="33" type="stmt"/>
        <line num="8" count="1" type="stmt"/>
        <line num="9" count="42" type="stmt"/>
        <line num="11" count="29" type="stmt"/>
      </file>
      <file name="monsters.service.ts" path="/Users/sebastianbarcenas/projects/test/assessment-cc-react-native-sr-01/src/reducers/monsters/monsters.service.ts">
        <metrics statements="6" coveredstatements="6" conditionals="0" coveredconditionals="0" methods="4" coveredmethods="4"/>
        <line num="8" count="7" type="stmt"/>
        <line num="9" count="3" type="stmt"/>
        <line num="11" count="7" type="stmt"/>
        <line num="14" count="2" type="stmt"/>
        <line num="20" count="1" type="stmt"/>
        <line num="22" count="7" type="stmt"/>
      </file>
    </package>
  </project>
</coverage>
