{"/Users/sebastianbarcenas/projects/test/assessment-cc-react-native-sr-01/src/app/hooks.ts": {"path":"/Users/sebastianbarcenas/projects/test/assessment-cc-react-native-sr-01/src/app/hooks.ts","statementMap":{"0":{"start":{"line":5,"column":30},"end":{"line":5,"column":62}},"1":{"start":{"line":5,"column":36},"end":{"line":5,"column":62}},"2":{"start":{"line":6,"column":63},"end":{"line":6,"column":74}}},"fnMap":{"0":{"name":"(anonymous_0)","decl":{"start":{"line":5,"column":30},"end":{"line":5,"column":31}},"loc":{"start":{"line":5,"column":36},"end":{"line":5,"column":62}},"line":5}},"branchMap":{},"s":{"0":1,"1":29,"2":1},"f":{"0":29},"b":{},"_coverageSchema":"1a1c01bbd47fc00a2c39e90264f33305004495a9","hash":"469e6b907909b51e510ed73bfe628a2efa92920e"}
,"/Users/sebastianbarcenas/projects/test/assessment-cc-react-native-sr-01/src/app/store.ts": {"path":"/Users/sebastianbarcenas/projects/test/assessment-cc-react-native-sr-01/src/app/store.ts","statementMap":{"0":{"start":{"line":4,"column":21},"end":{"line":8,"column":2}}},"fnMap":{},"branchMap":{},"s":{"0":5},"f":{},"b":{},"_coverageSchema":"1a1c01bbd47fc00a2c39e90264f33305004495a9","hash":"1e12df51e17745d3ac0ee2ae5f2f7cbb4c7e6a40"}
,"/Users/sebastianbarcenas/projects/test/assessment-cc-react-native-sr-01/src/components/ProgressBar/ProgressBar.styled.ts": {"path":"/Users/sebastianbarcenas/projects/test/assessment-cc-react-native-sr-01/src/components/ProgressBar/ProgressBar.styled.ts","statementMap":{"0":{"start":{"line":6,"column":27},"end":{"line":10,"column":1}},"1":{"start":{"line":12,"column":25},"end":{"line":14,"column":1}}},"fnMap":{},"branchMap":{},"s":{"0":3,"1":3},"f":{},"b":{},"_coverageSchema":"1a1c01bbd47fc00a2c39e90264f33305004495a9","hash":"839b663468615062c6e2255c826942d775dddc31"}
,"/Users/sebastianbarcenas/projects/test/assessment-cc-react-native-sr-01/src/components/ProgressBar/ProgressBar.tsx": {"path":"/Users/sebastianbarcenas/projects/test/assessment-cc-react-native-sr-01/src/components/ProgressBar/ProgressBar.tsx","statementMap":{"0":{"start":{"line":12,"column":2},"end":{"line":17,"column":4}}},"fnMap":{"0":{"name":"ProgressBar","decl":{"start":{"line":11,"column":9},"end":{"line":11,"column":20}},"loc":{"start":{"line":11,"column":60},"end":{"line":18,"column":1}},"line":11}},"branchMap":{},"s":{"0":42},"f":{"0":42},"b":{},"_coverageSchema":"1a1c01bbd47fc00a2c39e90264f33305004495a9","hash":"2ab265d35a52abd5e00318bdd751b985cd2c0d86"}
,"/Users/sebastianbarcenas/projects/test/assessment-cc-react-native-sr-01/src/components/monster-battle-card/MonsterBattleCard.styled.tsx": {"path":"/Users/sebastianbarcenas/projects/test/assessment-cc-react-native-sr-01/src/components/monster-battle-card/MonsterBattleCard.styled.tsx","statementMap":{"0":{"start":{"line":10,"column":33},"end":{"line":22,"column":1}},"1":{"start":{"line":24,"column":34},"end":{"line":32,"column":1}},"2":{"start":{"line":34,"column":25},"end":{"line":38,"column":1}},"3":{"start":{"line":40,"column":27},"end":{"line":48,"column":1}}},"fnMap":{},"branchMap":{},"s":{"0":2,"1":2,"2":2,"3":2},"f":{},"b":{},"_coverageSchema":"1a1c01bbd47fc00a2c39e90264f33305004495a9","hash":"731591528ad2a3bf0531c682d8f77d8c6132ec1a"}
,"/Users/sebastianbarcenas/projects/test/assessment-cc-react-native-sr-01/src/components/monster-battle-card/MonsterBattleCard.tsx": {"path":"/Users/sebastianbarcenas/projects/test/assessment-cc-react-native-sr-01/src/components/monster-battle-card/MonsterBattleCard.tsx","statementMap":{"0":{"start":{"line":17,"column":54},"end":{"line":35,"column":1}},"1":{"start":{"line":18,"column":2},"end":{"line":34,"column":4}}},"fnMap":{"0":{"name":"(anonymous_0)","decl":{"start":{"line":17,"column":54},"end":{"line":17,"column":55}},"loc":{"start":{"line":17,"column":78},"end":{"line":35,"column":1}},"line":17}},"branchMap":{"0":{"loc":{"start":{"line":20,"column":7},"end":{"line":32,"column":7}},"type":"cond-expr","locations":[{"start":{"line":21,"column":8},"end":{"line":21,"column":79}},{"start":{"line":23,"column":8},"end":{"line":31,"column":11}}],"line":20}},"s":{"0":2,"1":31},"f":{"0":31},"b":{"0":[21,10]},"_coverageSchema":"1a1c01bbd47fc00a2c39e90264f33305004495a9","hash":"bf404a2acc290f297f202d320f1f48dcac0dfe38"}
,"/Users/sebastianbarcenas/projects/test/assessment-cc-react-native-sr-01/src/components/monsters-list/MonstersList.styled.tsx": {"path":"/Users/sebastianbarcenas/projects/test/assessment-cc-react-native-sr-01/src/components/monsters-list/MonstersList.styled.tsx","statementMap":{"0":{"start":{"line":6,"column":25},"end":{"line":15,"column":1}},"1":{"start":{"line":17,"column":36},"end":{"line":19,"column":1}},"2":{"start":{"line":25,"column":27},"end":{"line":37,"column":1}},"3":{"start":{"line":28,"column":4},"end":{"line":28,"column":51}},"4":{"start":{"line":39,"column":19},"end":{"line":43,"column":1}},"5":{"start":{"line":45,"column":27},"end":{"line":52,"column":1}},"6":{"start":{"line":54,"column":31},"end":{"line":58,"column":1}}},"fnMap":{"0":{"name":"(anonymous_0)","decl":{"start":{"line":27,"column":12},"end":{"line":27,"column":13}},"loc":{"start":{"line":28,"column":4},"end":{"line":28,"column":51}},"line":28}},"branchMap":{"0":{"loc":{"start":{"line":28,"column":4},"end":{"line":28,"column":51}},"type":"cond-expr","locations":[{"start":{"line":28,"column":15},"end":{"line":28,"column":42}},{"start":{"line":28,"column":45},"end":{"line":28,"column":51}}],"line":28}},"s":{"0":2,"1":2,"2":2,"3":70,"4":2,"5":2,"6":2},"f":{"0":70},"b":{"0":[5,65]},"_coverageSchema":"1a1c01bbd47fc00a2c39e90264f33305004495a9","hash":"accbfb7c64a9df8e7ece7d2f5b64e181b64eaa89"}
,"/Users/sebastianbarcenas/projects/test/assessment-cc-react-native-sr-01/src/components/monsters-list/MonstersList.tsx": {"path":"/Users/sebastianbarcenas/projects/test/assessment-cc-react-native-sr-01/src/components/monsters-list/MonstersList.tsx","statementMap":{"0":{"start":{"line":21,"column":50},"end":{"line":66,"column":1}},"1":{"start":{"line":22,"column":19},"end":{"line":22,"column":35}},"2":{"start":{"line":24,"column":52},"end":{"line":26,"column":3}},"3":{"start":{"line":28,"column":29},"end":{"line":41,"column":3}},"4":{"start":{"line":29,"column":18},"end":{"line":29,"column":70}},"5":{"start":{"line":30,"column":4},"end":{"line":30,"column":32}},"6":{"start":{"line":31,"column":32},"end":{"line":31,"column":75}},"7":{"start":{"line":31,"column":54},"end":{"line":31,"column":74}},"8":{"start":{"line":32,"column":33},"end":{"line":34,"column":5}},"9":{"start":{"line":35,"column":4},"end":{"line":39,"column":6}},"10":{"start":{"line":40,"column":4},"end":{"line":40,"column":58}},"11":{"start":{"line":43,"column":2},"end":{"line":65,"column":4}},"12":{"start":{"line":51,"column":10},"end":{"line":61,"column":33}},"13":{"start":{"line":54,"column":27},"end":{"line":54,"column":54}}},"fnMap":{"0":{"name":"(anonymous_0)","decl":{"start":{"line":21,"column":50},"end":{"line":21,"column":51}},"loc":{"start":{"line":21,"column":68},"end":{"line":66,"column":1}},"line":21},"1":{"name":"(anonymous_1)","decl":{"start":{"line":28,"column":29},"end":{"line":28,"column":30}},"loc":{"start":{"line":28,"column":51},"end":{"line":41,"column":3}},"line":28},"2":{"name":"(anonymous_2)","decl":{"start":{"line":31,"column":48},"end":{"line":31,"column":49}},"loc":{"start":{"line":31,"column":54},"end":{"line":31,"column":74}},"line":31},"3":{"name":"(anonymous_3)","decl":{"start":{"line":50,"column":22},"end":{"line":50,"column":23}},"loc":{"start":{"line":51,"column":10},"end":{"line":61,"column":33}},"line":51},"4":{"name":"(anonymous_4)","decl":{"start":{"line":54,"column":21},"end":{"line":54,"column":22}},"loc":{"start":{"line":54,"column":27},"end":{"line":54,"column":54}},"line":54}},"branchMap":{"0":{"loc":{"start":{"line":29,"column":18},"end":{"line":29,"column":70}},"type":"cond-expr","locations":[{"start":{"line":29,"column":53},"end":{"line":29,"column":57}},{"start":{"line":29,"column":60},"end":{"line":29,"column":70}}],"line":29},"1":{"loc":{"start":{"line":37,"column":8},"end":{"line":37,"column":65}},"type":"cond-expr","locations":[{"start":{"line":37,"column":17},"end":{"line":37,"column":21}},{"start":{"line":37,"column":24},"end":{"line":37,"column":65}}],"line":37},"2":{"loc":{"start":{"line":40,"column":32},"end":{"line":40,"column":55}},"type":"cond-expr","locations":[{"start":{"line":40,"column":41},"end":{"line":40,"column":45}},{"start":{"line":40,"column":48},"end":{"line":40,"column":55}}],"line":40},"3":{"loc":{"start":{"line":46,"column":9},"end":{"line":46,"column":78}},"type":"cond-expr","locations":[{"start":{"line":46,"column":31},"end":{"line":46,"column":52}},{"start":{"line":46,"column":55},"end":{"line":46,"column":78}}],"line":46}},"s":{"0":2,"1":19,"2":19,"3":19,"4":5,"5":5,"6":5,"7":25,"8":5,"9":5,"10":5,"11":19,"12":70,"13":5},"f":{"0":19,"1":5,"2":25,"3":70,"4":5},"b":{"0":[2,3],"1":[2,3],"2":[2,3],"3":[14,5]},"_coverageSchema":"1a1c01bbd47fc00a2c39e90264f33305004495a9","hash":"1f843cd6dad82610d51d8c6dec1cf597f04948a2"}
,"/Users/sebastianbarcenas/projects/test/assessment-cc-react-native-sr-01/src/components/title/Title.tsx": {"path":"/Users/sebastianbarcenas/projects/test/assessment-cc-react-native-sr-01/src/components/title/Title.tsx","statementMap":{"0":{"start":{"line":5,"column":25},"end":{"line":13,"column":1}}},"fnMap":{},"branchMap":{},"s":{"0":1},"f":{},"b":{},"_coverageSchema":"1a1c01bbd47fc00a2c39e90264f33305004495a9","hash":"85c1cabe7405bce0158f277e419c5ebc37b92a0e"}
,"/Users/sebastianbarcenas/projects/test/assessment-cc-react-native-sr-01/src/components/winner-display/WinnerDisplay.styled.tsx": {"path":"/Users/sebastianbarcenas/projects/test/assessment-cc-react-native-sr-01/src/components/winner-display/WinnerDisplay.styled.tsx","statementMap":{"0":{"start":{"line":6,"column":38},"end":{"line":14,"column":1}},"1":{"start":{"line":16,"column":26},"end":{"line":22,"column":1}}},"fnMap":{},"branchMap":{},"s":{"0":2,"1":2},"f":{},"b":{},"_coverageSchema":"1a1c01bbd47fc00a2c39e90264f33305004495a9","hash":"810cb603b12d50f49571679f8d3d08d6ad6ffa94"}
,"/Users/sebastianbarcenas/projects/test/assessment-cc-react-native-sr-01/src/components/winner-display/WinnerDisplay.tsx": {"path":"/Users/sebastianbarcenas/projects/test/assessment-cc-react-native-sr-01/src/components/winner-display/WinnerDisplay.tsx","statementMap":{"0":{"start":{"line":7,"column":39},"end":{"line":11,"column":1}},"1":{"start":{"line":8,"column":2},"end":{"line":10,"column":27}}},"fnMap":{"0":{"name":"(anonymous_0)","decl":{"start":{"line":7,"column":39},"end":{"line":7,"column":40}},"loc":{"start":{"line":8,"column":2},"end":{"line":10,"column":27}},"line":8}},"branchMap":{},"s":{"0":2,"1":1},"f":{"0":1},"b":{},"_coverageSchema":"1a1c01bbd47fc00a2c39e90264f33305004495a9","hash":"2cfebd7833c5c66dba1478041a45dced720f7463"}
,"/Users/sebastianbarcenas/projects/test/assessment-cc-react-native-sr-01/src/constants/colors.ts": {"path":"/Users/sebastianbarcenas/projects/test/assessment-cc-react-native-sr-01/src/constants/colors.ts","statementMap":{"0":{"start":{"line":1,"column":22},"end":{"line":11,"column":1}}},"fnMap":{},"branchMap":{},"s":{"0":5},"f":{},"b":{},"_coverageSchema":"1a1c01bbd47fc00a2c39e90264f33305004495a9","hash":"a7e1b6d05d280faa675decae36cdf07e9e3ffd83"}
,"/Users/sebastianbarcenas/projects/test/assessment-cc-react-native-sr-01/src/constants/env.ts": {"path":"/Users/sebastianbarcenas/projects/test/assessment-cc-react-native-sr-01/src/constants/env.ts","statementMap":{"0":{"start":{"line":1,"column":23},"end":{"line":1,"column":46}}},"fnMap":{},"branchMap":{},"s":{"0":7},"f":{},"b":{},"_coverageSchema":"1a1c01bbd47fc00a2c39e90264f33305004495a9","hash":"d345e7528fbea0f6e660e75d46176926044e9fb3"}
,"/Users/sebastianbarcenas/projects/test/assessment-cc-react-native-sr-01/src/pages/battle-of-monsters/BattleOfMonsters.styled.tsx": {"path":"/Users/sebastianbarcenas/projects/test/assessment-cc-react-native-sr-01/src/pages/battle-of-monsters/BattleOfMonsters.styled.tsx","statementMap":{"0":{"start":{"line":7,"column":29},"end":{"line":11,"column":1}},"1":{"start":{"line":13,"column":29},"end":{"line":16,"column":1}},"2":{"start":{"line":22,"column":33},"end":{"line":28,"column":1}},"3":{"start":{"line":24,"column":4},"end":{"line":24,"column":51}},"4":{"start":{"line":31,"column":33},"end":{"line":36,"column":1}}},"fnMap":{"0":{"name":"(anonymous_0)","decl":{"start":{"line":23,"column":22},"end":{"line":23,"column":23}},"loc":{"start":{"line":24,"column":4},"end":{"line":24,"column":51}},"line":24}},"branchMap":{"0":{"loc":{"start":{"line":24,"column":4},"end":{"line":24,"column":51}},"type":"cond-expr","locations":[{"start":{"line":24,"column":15},"end":{"line":24,"column":32}},{"start":{"line":24,"column":35},"end":{"line":24,"column":51}}],"line":24}},"s":{"0":1,"1":1,"2":1,"3":14,"4":1},"f":{"0":14},"b":{"0":[10,4]},"_coverageSchema":"1a1c01bbd47fc00a2c39e90264f33305004495a9","hash":"a530195928e023e312d8e36cb40d8465d153b8c9"}
,"/Users/sebastianbarcenas/projects/test/assessment-cc-react-native-sr-01/src/pages/battle-of-monsters/BattleOfMonsters.tsx": {"path":"/Users/sebastianbarcenas/projects/test/assessment-cc-react-native-sr-01/src/pages/battle-of-monsters/BattleOfMonsters.tsx","statementMap":{"0":{"start":{"line":27,"column":25},"end":{"line":78,"column":1}},"1":{"start":{"line":28,"column":19},"end":{"line":28,"column":35}},"2":{"start":{"line":30,"column":19},"end":{"line":30,"column":46}},"3":{"start":{"line":31,"column":26},"end":{"line":31,"column":60}},"4":{"start":{"line":32,"column":26},"end":{"line":32,"column":60}},"5":{"start":{"line":33,"column":16},"end":{"line":33,"column":40}},"6":{"start":{"line":35,"column":2},"end":{"line":37,"column":9}},"7":{"start":{"line":36,"column":4},"end":{"line":36,"column":34}},"8":{"start":{"line":39,"column":33},"end":{"line":46,"column":3}},"9":{"start":{"line":40,"column":4},"end":{"line":45,"column":6}},"10":{"start":{"line":48,"column":2},"end":{"line":77,"column":4}}},"fnMap":{"0":{"name":"(anonymous_0)","decl":{"start":{"line":27,"column":25},"end":{"line":27,"column":26}},"loc":{"start":{"line":27,"column":31},"end":{"line":78,"column":1}},"line":27},"1":{"name":"(anonymous_1)","decl":{"start":{"line":35,"column":12},"end":{"line":35,"column":13}},"loc":{"start":{"line":35,"column":18},"end":{"line":37,"column":3}},"line":35},"2":{"name":"(anonymous_2)","decl":{"start":{"line":39,"column":33},"end":{"line":39,"column":34}},"loc":{"start":{"line":39,"column":39},"end":{"line":46,"column":3}},"line":39}},"branchMap":{"0":{"loc":{"start":{"line":56,"column":17},"end":{"line":56,"column":50}},"type":"binary-expr","locations":[{"start":{"line":56,"column":17},"end":{"line":56,"column":38}},{"start":{"line":56,"column":42},"end":{"line":56,"column":50}}],"line":56},"1":{"loc":{"start":{"line":62,"column":7},"end":{"line":75,"column":7}},"type":"cond-expr","locations":[{"start":{"line":63,"column":8},"end":{"line":72,"column":28}},{"start":{"line":74,"column":8},"end":{"line":74,"column":50}}],"line":62}},"s":{"0":1,"1":15,"2":14,"3":14,"4":14,"5":14,"6":14,"7":3,"8":14,"9":1,"10":14},"f":{"0":15,"1":3,"2":1},"b":{"0":[14,10],"1":[14,0]},"_coverageSchema":"1a1c01bbd47fc00a2c39e90264f33305004495a9","hash":"22b328e2383cc22c16220fe1005eabb577d6df69"}
,"/Users/sebastianbarcenas/projects/test/assessment-cc-react-native-sr-01/src/reducers/monsters/monsters.actions.ts": {"path":"/Users/sebastianbarcenas/projects/test/assessment-cc-react-native-sr-01/src/reducers/monsters/monsters.actions.ts","statementMap":{"0":{"start":{"line":9,"column":33},"end":{"line":12,"column":1}},"1":{"start":{"line":14,"column":27},"end":{"line":17,"column":1}},"2":{"start":{"line":19,"column":34},"end":{"line":21,"column":1}},"3":{"start":{"line":23,"column":34},"end":{"line":25,"column":1}}},"fnMap":{},"branchMap":{},"s":{"0":6,"1":6,"2":6,"3":6},"f":{},"b":{},"_coverageSchema":"1a1c01bbd47fc00a2c39e90264f33305004495a9","hash":"5f08f59f2ea6102ba1e4896b5c0dec54fc618da3"}
,"/Users/sebastianbarcenas/projects/test/assessment-cc-react-native-sr-01/src/reducers/monsters/monsters.reducer.ts": {"path":"/Users/sebastianbarcenas/projects/test/assessment-cc-react-native-sr-01/src/reducers/monsters/monsters.reducer.ts","statementMap":{"0":{"start":{"line":21,"column":35},"end":{"line":30,"column":1}},"1":{"start":{"line":32,"column":31},"end":{"line":87,"column":2}},"2":{"start":{"line":33,"column":2},"end":{"line":36,"column":6}},"3":{"start":{"line":33,"column":55},"end":{"line":36,"column":3}},"4":{"start":{"line":38,"column":2},"end":{"line":41,"column":6}},"5":{"start":{"line":38,"column":56},"end":{"line":41,"column":3}},"6":{"start":{"line":43,"column":2},"end":{"line":46,"column":6}},"7":{"start":{"line":43,"column":67},"end":{"line":46,"column":3}},"8":{"start":{"line":48,"column":2},"end":{"line":56,"column":6}},"9":{"start":{"line":48,"column":58},"end":{"line":56,"column":3}},"10":{"start":{"line":57,"column":2},"end":{"line":60,"column":6}},"11":{"start":{"line":57,"column":58},"end":{"line":60,"column":3}},"12":{"start":{"line":61,"column":2},"end":{"line":67,"column":6}},"13":{"start":{"line":61,"column":49},"end":{"line":67,"column":3}},"14":{"start":{"line":69,"column":2},"end":{"line":77,"column":6}},"15":{"start":{"line":69,"column":50},"end":{"line":77,"column":3}},"16":{"start":{"line":79,"column":2},"end":{"line":86,"column":6}},"17":{"start":{"line":79,"column":61},"end":{"line":86,"column":3}}},"fnMap":{"0":{"name":"(anonymous_0)","decl":{"start":{"line":32,"column":59},"end":{"line":32,"column":60}},"loc":{"start":{"line":32,"column":70},"end":{"line":87,"column":1}},"line":32},"1":{"name":"(anonymous_1)","decl":{"start":{"line":33,"column":45},"end":{"line":33,"column":46}},"loc":{"start":{"line":33,"column":55},"end":{"line":36,"column":3}},"line":33},"2":{"name":"(anonymous_2)","decl":{"start":{"line":38,"column":46},"end":{"line":38,"column":47}},"loc":{"start":{"line":38,"column":56},"end":{"line":41,"column":3}},"line":38},"3":{"name":"(anonymous_3)","decl":{"start":{"line":43,"column":47},"end":{"line":43,"column":48}},"loc":{"start":{"line":43,"column":67},"end":{"line":46,"column":3}},"line":43},"4":{"name":"(anonymous_4)","decl":{"start":{"line":48,"column":38},"end":{"line":48,"column":39}},"loc":{"start":{"line":48,"column":58},"end":{"line":56,"column":3}},"line":48},"5":{"name":"(anonymous_5)","decl":{"start":{"line":57,"column":38},"end":{"line":57,"column":39}},"loc":{"start":{"line":57,"column":58},"end":{"line":60,"column":3}},"line":57},"6":{"name":"(anonymous_6)","decl":{"start":{"line":61,"column":39},"end":{"line":61,"column":40}},"loc":{"start":{"line":61,"column":49},"end":{"line":67,"column":3}},"line":61},"7":{"name":"(anonymous_7)","decl":{"start":{"line":69,"column":40},"end":{"line":69,"column":41}},"loc":{"start":{"line":69,"column":50},"end":{"line":77,"column":3}},"line":69},"8":{"name":"(anonymous_8)","decl":{"start":{"line":79,"column":41},"end":{"line":79,"column":42}},"loc":{"start":{"line":79,"column":61},"end":{"line":86,"column":3}},"line":79}},"branchMap":{},"s":{"0":6,"1":6,"2":6,"3":4,"4":6,"5":1,"6":6,"7":4,"8":6,"9":4,"10":6,"11":3,"12":6,"13":1,"14":6,"15":1,"16":6,"17":0},"f":{"0":6,"1":4,"2":1,"3":4,"4":4,"5":3,"6":1,"7":1,"8":0},"b":{},"_coverageSchema":"1a1c01bbd47fc00a2c39e90264f33305004495a9","hash":"ccc38bf6b828da51b4a5bbd0aa35181f73241e19"}
,"/Users/sebastianbarcenas/projects/test/assessment-cc-react-native-sr-01/src/reducers/monsters/monsters.selectors.ts": {"path":"/Users/sebastianbarcenas/projects/test/assessment-cc-react-native-sr-01/src/reducers/monsters/monsters.selectors.ts","statementMap":{"0":{"start":{"line":3,"column":30},"end":{"line":3,"column":75}},"1":{"start":{"line":3,"column":52},"end":{"line":3,"column":75}},"2":{"start":{"line":5,"column":37},"end":{"line":6,"column":32}},"3":{"start":{"line":6,"column":2},"end":{"line":6,"column":32}},"4":{"start":{"line":8,"column":37},"end":{"line":9,"column":32}},"5":{"start":{"line":9,"column":2},"end":{"line":9,"column":32}},"6":{"start":{"line":11,"column":27},"end":{"line":11,"column":69}},"7":{"start":{"line":11,"column":49},"end":{"line":11,"column":69}}},"fnMap":{"0":{"name":"(anonymous_0)","decl":{"start":{"line":3,"column":30},"end":{"line":3,"column":31}},"loc":{"start":{"line":3,"column":52},"end":{"line":3,"column":75}},"line":3},"1":{"name":"(anonymous_1)","decl":{"start":{"line":5,"column":37},"end":{"line":5,"column":38}},"loc":{"start":{"line":6,"column":2},"end":{"line":6,"column":32}},"line":6},"2":{"name":"(anonymous_2)","decl":{"start":{"line":8,"column":37},"end":{"line":8,"column":38}},"loc":{"start":{"line":9,"column":2},"end":{"line":9,"column":32}},"line":9},"3":{"name":"(anonymous_3)","decl":{"start":{"line":11,"column":27},"end":{"line":11,"column":28}},"loc":{"start":{"line":11,"column":49},"end":{"line":11,"column":69}},"line":11}},"branchMap":{},"s":{"0":1,"1":27,"2":1,"3":33,"4":1,"5":42,"6":1,"7":29},"f":{"0":27,"1":33,"2":42,"3":29},"b":{},"_coverageSchema":"1a1c01bbd47fc00a2c39e90264f33305004495a9","hash":"1bc048b9be6fd7665674e56dc50d7373ab8819c8"}
,"/Users/sebastianbarcenas/projects/test/assessment-cc-react-native-sr-01/src/reducers/monsters/monsters.service.ts": {"path":"/Users/sebastianbarcenas/projects/test/assessment-cc-react-native-sr-01/src/reducers/monsters/monsters.service.ts","statementMap":{"0":{"start":{"line":8,"column":15},"end":{"line":9,"column":70}},"1":{"start":{"line":9,"column":2},"end":{"line":9,"column":70}},"2":{"start":{"line":9,"column":54},"end":{"line":9,"column":69}},"3":{"start":{"line":11,"column":23},"end":{"line":20,"column":38}},"4":{"start":{"line":14,"column":2},"end":{"line":20,"column":38}},"5":{"start":{"line":20,"column":22},"end":{"line":20,"column":37}},"6":{"start":{"line":22,"column":30},"end":{"line":25,"column":1}}},"fnMap":{"0":{"name":"(anonymous_0)","decl":{"start":{"line":8,"column":15},"end":{"line":8,"column":16}},"loc":{"start":{"line":9,"column":2},"end":{"line":9,"column":70}},"line":9},"1":{"name":"(anonymous_1)","decl":{"start":{"line":9,"column":42},"end":{"line":9,"column":43}},"loc":{"start":{"line":9,"column":54},"end":{"line":9,"column":69}},"line":9},"2":{"name":"(anonymous_2)","decl":{"start":{"line":11,"column":23},"end":{"line":11,"column":24}},"loc":{"start":{"line":14,"column":2},"end":{"line":20,"column":38}},"line":14},"3":{"name":"(anonymous_3)","decl":{"start":{"line":20,"column":10},"end":{"line":20,"column":11}},"loc":{"start":{"line":20,"column":22},"end":{"line":20,"column":37}},"line":20}},"branchMap":{},"s":{"0":7,"1":3,"2":3,"3":7,"4":2,"5":1,"6":7},"f":{"0":3,"1":3,"2":2,"3":1},"b":{},"_coverageSchema":"1a1c01bbd47fc00a2c39e90264f33305004495a9","hash":"8dc983f15c64e648a0991ff474c3ece3ba835f22"}
}
