TN:
SF:src/app/hooks.ts
FN:5,(anonymous_0)
FNF:1
FNH:1
FNDA:29,(anonymous_0)
DA:5,29
DA:6,1
LF:2
LH:2
BRF:0
BRH:0
end_of_record
TN:
SF:src/app/store.ts
FNF:0
FNH:0
DA:4,5
LF:1
LH:1
BRF:0
BRH:0
end_of_record
TN:
SF:src/components/ProgressBar/ProgressBar.styled.ts
FNF:0
FNH:0
DA:6,3
DA:12,3
LF:2
LH:2
BRF:0
BRH:0
end_of_record
TN:
SF:src/components/ProgressBar/ProgressBar.tsx
FN:11,ProgressBar
FNF:1
FNH:1
FNDA:42,ProgressBar
DA:12,42
LF:1
LH:1
BRF:0
BRH:0
end_of_record
TN:
SF:src/components/monster-battle-card/MonsterBattleCard.styled.tsx
FNF:0
FNH:0
DA:10,2
DA:24,2
DA:34,2
DA:40,2
LF:4
LH:4
BRF:0
BRH:0
end_of_record
TN:
SF:src/components/monster-battle-card/MonsterBattleCard.tsx
FN:17,(anonymous_0)
FNF:1
FNH:1
FNDA:31,(anonymous_0)
DA:17,2
DA:18,31
LF:2
LH:2
BRDA:20,0,0,21
BRDA:20,0,1,10
BRF:2
BRH:2
end_of_record
TN:
SF:src/components/monsters-list/MonstersList.styled.tsx
FN:27,(anonymous_0)
FNF:1
FNH:1
FNDA:70,(anonymous_0)
DA:6,2
DA:17,2
DA:25,2
DA:28,70
DA:39,2
DA:45,2
DA:54,2
LF:7
LH:7
BRDA:28,0,0,5
BRDA:28,0,1,65
BRF:2
BRH:2
end_of_record
TN:
SF:src/components/monsters-list/MonstersList.tsx
FN:21,(anonymous_0)
FN:28,(anonymous_1)
FN:31,(anonymous_2)
FN:50,(anonymous_3)
FN:54,(anonymous_4)
FNF:5
FNH:5
FNDA:19,(anonymous_0)
FNDA:5,(anonymous_1)
FNDA:25,(anonymous_2)
FNDA:70,(anonymous_3)
FNDA:5,(anonymous_4)
DA:21,2
DA:22,19
DA:24,19
DA:28,19
DA:29,5
DA:30,5
DA:31,25
DA:32,5
DA:35,5
DA:40,5
DA:43,19
DA:51,70
DA:54,5
LF:13
LH:13
BRDA:29,0,0,2
BRDA:29,0,1,3
BRDA:37,1,0,2
BRDA:37,1,1,3
BRDA:40,2,0,2
BRDA:40,2,1,3
BRDA:46,3,0,14
BRDA:46,3,1,5
BRF:8
BRH:8
end_of_record
TN:
SF:src/components/title/Title.tsx
FNF:0
FNH:0
DA:5,1
LF:1
LH:1
BRF:0
BRH:0
end_of_record
TN:
SF:src/components/winner-display/WinnerDisplay.styled.tsx
FNF:0
FNH:0
DA:6,2
DA:16,2
LF:2
LH:2
BRF:0
BRH:0
end_of_record
TN:
SF:src/components/winner-display/WinnerDisplay.tsx
FN:7,(anonymous_0)
FNF:1
FNH:1
FNDA:1,(anonymous_0)
DA:7,2
DA:8,1
LF:2
LH:2
BRF:0
BRH:0
end_of_record
TN:
SF:src/constants/colors.ts
FNF:0
FNH:0
DA:1,5
LF:1
LH:1
BRF:0
BRH:0
end_of_record
TN:
SF:src/constants/env.ts
FNF:0
FNH:0
DA:1,7
LF:1
LH:1
BRF:0
BRH:0
end_of_record
TN:
SF:src/pages/battle-of-monsters/BattleOfMonsters.styled.tsx
FN:23,(anonymous_0)
FNF:1
FNH:1
FNDA:14,(anonymous_0)
DA:7,1
DA:13,1
DA:22,1
DA:24,14
DA:31,1
LF:5
LH:5
BRDA:24,0,0,10
BRDA:24,0,1,4
BRF:2
BRH:2
end_of_record
TN:
SF:src/pages/battle-of-monsters/BattleOfMonsters.tsx
FN:27,(anonymous_0)
FN:35,(anonymous_1)
FN:39,(anonymous_2)
FNF:3
FNH:3
FNDA:15,(anonymous_0)
FNDA:3,(anonymous_1)
FNDA:1,(anonymous_2)
DA:27,1
DA:28,15
DA:30,14
DA:31,14
DA:32,14
DA:33,14
DA:35,14
DA:36,3
DA:39,14
DA:40,1
DA:48,14
LF:11
LH:11
BRDA:56,0,0,14
BRDA:56,0,1,10
BRDA:62,1,0,14
BRDA:62,1,1,0
BRF:4
BRH:3
end_of_record
TN:
SF:src/reducers/monsters/monsters.actions.ts
FNF:0
FNH:0
DA:9,6
DA:14,6
DA:19,6
DA:23,6
LF:4
LH:4
BRF:0
BRH:0
end_of_record
TN:
SF:src/reducers/monsters/monsters.reducer.ts
FN:32,(anonymous_0)
FN:33,(anonymous_1)
FN:38,(anonymous_2)
FN:43,(anonymous_3)
FN:48,(anonymous_4)
FN:57,(anonymous_5)
FN:61,(anonymous_6)
FN:69,(anonymous_7)
FN:79,(anonymous_8)
FNF:9
FNH:8
FNDA:6,(anonymous_0)
FNDA:4,(anonymous_1)
FNDA:1,(anonymous_2)
FNDA:4,(anonymous_3)
FNDA:4,(anonymous_4)
FNDA:3,(anonymous_5)
FNDA:1,(anonymous_6)
FNDA:1,(anonymous_7)
FNDA:0,(anonymous_8)
DA:21,6
DA:32,6
DA:33,6
DA:38,6
DA:43,6
DA:48,6
DA:57,6
DA:61,6
DA:69,6
DA:79,6
LF:10
LH:10
BRF:0
BRH:0
end_of_record
TN:
SF:src/reducers/monsters/monsters.selectors.ts
FN:3,(anonymous_0)
FN:5,(anonymous_1)
FN:8,(anonymous_2)
FN:11,(anonymous_3)
FNF:4
FNH:4
FNDA:27,(anonymous_0)
FNDA:33,(anonymous_1)
FNDA:42,(anonymous_2)
FNDA:29,(anonymous_3)
DA:3,27
DA:5,1
DA:6,33
DA:8,1
DA:9,42
DA:11,29
LF:6
LH:6
BRF:0
BRH:0
end_of_record
TN:
SF:src/reducers/monsters/monsters.service.ts
FN:8,(anonymous_0)
FN:9,(anonymous_1)
FN:11,(anonymous_2)
FN:20,(anonymous_3)
FNF:4
FNH:4
FNDA:3,(anonymous_0)
FNDA:3,(anonymous_1)
FNDA:2,(anonymous_2)
FNDA:1,(anonymous_3)
DA:8,7
DA:9,3
DA:11,7
DA:14,2
DA:20,1
DA:22,7
LF:6
LH:6
BRF:0
BRH:0
end_of_record
